#
# A fatal error has been detected by the Java Runtime Environment:
#
#  SIGBUS (0xa) at pc=0x0000000108c2cd14, pid=11774, tid=0x0000000000015207
#
# JRE version: OpenJDK Runtime Environment (Zulu 8.54.0.21-CA-macos-aarch64) (8.0_292-b10) (build 1.8.0_292-b10)
# Java VM: OpenJDK 64-Bit Server VM (25.292-b10 mixed mode bsd-aarch64 compressed oops)
# Problematic frame:
# V  [libjvm.dylib+0x42cd14]
#
# Failed to write core dump. Core dumps have been disabled. To enable core dumping, try "ulimit -c unlimited" before starting Java again
#
# If you would like to submit a bug report, please visit:
#   http://www.azulsystems.com/support/
#

---------------  T H R E A D  ---------------

Current thread (0x000000012893a800):  JavaThread "pool-17-thread-3" [_thread_in_Java, id=86535, stack(0x00000001764e8000,0x00000001768eb000)]

siginfo: si_signo: 10 (SIGBUS), si_code: 1 (BUS_ADRALN), si_addr: 0x000000010c8f2d88

Registers:
 x0=0x000000010c9423e8  x1=0x0000000000007f20  x2=0x0000000000000000  x3=0x0000000000000003
 x4=0x00000001768e7550  x5=0x00000001768e7b50  x6=0x0000000000000032  x7=0x000000000000000c
 x8=0x0000000000000000  x9=0x000000010c8f2d88 x10=0x000000010c9423e8 x11=0x000000010c942488
x12=0x0000000000009118 x13=0x0000000000000000 x14=0x0000000000000010 x15=0x0000000000000062
x16=0x0000000000000020 x17=0x000000012ffdad40 x18=0x0000000000000000 x19=0x000000010c8f2c90
x20=0x0000000000000000 x21=0x0000000000007f20 x22=0x000000010c8f2d88 x23=0x00000001768e7b68
x24=0x00000001768e7cb8 x25=0x00000000f09de506 x26=0x000000012fd4da00 x27=0x0000000000000000
x28=0x000000012893a800  fp=0x00000001768e73a0  lr=0x0000000108c2cc68  sp=0x00000001768e7380
pc=0x0000000108c2cd14 cpsr=0x0000000060001000
Top of Stack: (sp=0x00000001768e7380)
0x00000001768e7380:   00000001768e7cc0 00000001768e7c90
0x00000001768e7390:   000000010c8f2c90 00000001768e7440
0x00000001768e73a0:   00000001768e73b0 0000000108c2d2b8
0x00000001768e73b0:   00000001768e73d0 00000001089e289c
0x00000001768e73c0:   0000000000000000 00000001768e7440
0x00000001768e73d0:   00000001768e7400 00000001089e298c
0x00000001768e73e0:   0000000000000003 0000000000000780
0x00000001768e73f0:   0000000000000000 0000000116b0c600
0x00000001768e7400:   00000001768e7b40 0000000108d4db00
0x00000001768e7410:   0000000108d8e23b 0000000198089634
0x00000001768e7420:   0000000000000000 00000002768e7440
0x00000001768e7430:   00000001768e7810 0059000197f8c5f0
0x00000001768e7440:   00000001768e7c90 000000010c8fdee0
0x00000001768e7450:   000000010c8f2c90 00000001768e7c80
0x00000001768e7460:   00000001768e7cc0 00000001768e7cc0
0x00000001768e7470:   00000001768e7c10 0000000109526320
0x00000001768e7480:   0000000109521050 0000000100000000
0x00000001768e7490:   00000001768e7c80 00000001768e7c10
0x00000001768e74a0:   00000001768e75f4 0000000000000001
0x00000001768e74b0:   00000001768e7667 00000001768e7c80
0x00000001768e74c0:   00000001768e7908 0000000000000000
0x00000001768e74d0:   00000001768e7718 000000020320a268
0x00000001768e74e0:   0000000000000042 00000001768e7c70
0x00000001768e74f0:   00000001768e7938 00000001768e75f4
0x00000001768e7500:   0000000000000004 0000000108d8e20c
0x00000001768e7510:   0000000000000001 0000000000000042
0x00000001768e7520:   00000000768e7578 ffffffffffffffff
0x00000001768e7530:   00000001768e7558 00000001768e7b50
0x00000001768e7540:   0000000000000000 0000000000000042
0x00000001768e7550:   00000001768e7908 00000001768e7568
0x00000001768e7560:   0000000000000000 0000000108d8e233
0x00000001768e7570:   0000000000000006 00000001768e7717 

Instructions: (pc=0x0000000108c2cd14)
0x0000000108c2ccf4:   54fffa4a 14000003 6b15011f 54fff9e1
0x0000000108c2cd04:   d2800008 9103e269 aa0003ea f868692b
0x0000000108c2cd14:   f828692a 91002108 aa0b03ea f100811f
0x0000000108c2cd24:   54ffff61 17ffffc6 d10143ff a9047bfd 

Register to memory mapping:

 x0=0x000000010c9423e8 is at entry_point+312360 in (nmethod*)0x000000010c8f2c90
 x1=0x0000000000007f20 is an unknown value
 x2=0x0000000000000000 is an unknown value
 x3=0x0000000000000003 is an unknown value
 x4=0x00000001768e7550 is pointing into the stack for thread: 0x000000012893a800
 x5=0x00000001768e7b50 is pointing into the stack for thread: 0x000000012893a800
 x6=0x0000000000000032 is an unknown value
 x7=0x000000000000000c is an unknown value
 x8=0x0000000000000000 is an unknown value
 x9=0x000000010c8f2d88 is at entry_point+-12856 in (nmethod*)0x000000010c8f2c90
x10=0x000000010c9423e8 is at entry_point+312360 in (nmethod*)0x000000010c8f2c90
x11=0x000000010c942488 is at entry_point+312520 in (nmethod*)0x000000010c8f2c90
x12=0x0000000000009118 is an unknown value
x13=0x0000000000000000 is an unknown value
x14=0x0000000000000010 is an unknown value
x15=0x0000000000000062 is an unknown value
x16=0x0000000000000020 is an unknown value
x17=0x000000012ffdad40 is an unknown value
x18=0x0000000000000000 is an unknown value
x19=0x000000010c8f2c90 is at entry_point+-13104 in (nmethod*)0x000000010c8f2c90
x20=0x0000000000000000 is an unknown value
x21=0x0000000000007f20 is an unknown value
x22=0x000000010c8f2d88 is at entry_point+-12856 in (nmethod*)0x000000010c8f2c90
x23=0x00000001768e7b68 is pointing into the stack for thread: 0x000000012893a800
x24=0x00000001768e7cb8 is pointing into the stack for thread: 0x000000012893a800
x25=0x00000000f09de506 is an unknown value
x26=0x000000012fd4da00 is pointing into metadata
x27=0x0000000000000000 is an unknown value
x28=0x000000012893a800 is a thread


Stack: [0x00000001764e8000,0x00000001768eb000],  sp=0x00000001768e7380,  free space=4092k
Native frames: (J=compiled Java code, j=interpreted, Vv=VM code, C=native code)
V  [libjvm.dylib+0x42cd14]
V  [libjvm.dylib+0x42d2b8]
V  [libjvm.dylib+0x1e289c]
V  [libjvm.dylib+0x1e298c]
V  [libjvm.dylib+0x54db00]
V  [libjvm.dylib+0x197c14]
v  blob 0x0000000109520c40
